Sun Nov 29 2020 11:31:05 GMT+0700 (GMT+07:00), Алексiй: кек
Sun Nov 29 2020 11:31:23 GMT+0700 (GMT+07:00), Алексiй: :0
Sun Nov 29 2020 11:33:27 GMT+0700 (GMT+07:00), Алексiй: логи работают 🙂
Sun Nov 29 2020 12:40:29 GMT+0700 (GMT+07:00), fersafersa: Протон_ексампл нейро.
Sun Nov 29 2020 19:36:20 GMT+0700 (GMT+07:00), Алексiй: $clear 50
Sun Nov 29 2020 19:36:21 GMT+0700 (GMT+07:00), Furret: Удалено 50 сообщений! :wastebasket:
Sun Nov 29 2020 19:36:38 GMT+0700 (GMT+07:00), Алексiй: $clear 100
Sun Nov 29 2020 19:36:38 GMT+0700 (GMT+07:00), Furret: Удалено 100 сообщений! :wastebasket:
Sun Nov 29 2020 22:03:42 GMT+0700 (GMT+07:00), fersafersa: ТунцТунц
Sun Nov 29 2020 22:03:47 GMT+0700 (GMT+07:00), fersafersa: Короче
Sun Nov 29 2020 22:03:49 GMT+0700 (GMT+07:00), fersafersa: все
Sun Nov 29 2020 22:03:56 GMT+0700 (GMT+07:00), fersafersa: когда будете на ферме тотемов
Sun Nov 29 2020 22:04:05 GMT+0700 (GMT+07:00), fersafersa: вокруг фермы заливаем ВСЕ водой!!!!!!
Sun Nov 29 2020 22:04:13 GMT+0700 (GMT+07:00), fersafersa: ферма уже работает
Sun Nov 29 2020 22:04:25 GMT+0700 (GMT+07:00), fersafersa: а без воды рейд может закончится даже не начавшись.
Sun Nov 29 2020 22:04:42 GMT+0700 (GMT+07:00), fersafersa: Только из за серва приходится использовать ферму вдвоем...
Sun Nov 29 2020 22:04:51 GMT+0700 (GMT+07:00), fersafersa: или с твинком.
Sun Nov 29 2020 22:05:09 GMT+0700 (GMT+07:00), fersafersa: Но это особенности сервера них не поделаешь
Tue Dec 01 2020 23:29:09 GMT+0700 (GMT+07:00), Алексiй: $clear 100
Tue Dec 01 2020 23:29:10 GMT+0700 (GMT+07:00), Furret: Удалено 100 сообщений! :wastebasket:
Tue Dec 01 2020 23:29:56 GMT+0700 (GMT+07:00), Алексiй: #help ntsw
Tue Dec 01 2020 23:29:56 GMT+0700 (GMT+07:00), DoggoBot: 
Tue Dec 01 2020 23:30:11 GMT+0700 (GMT+07:00), Алексiй: #help nsfw
Tue Dec 01 2020 23:30:12 GMT+0700 (GMT+07:00), DoggoBot: 
Tue Dec 01 2020 23:30:29 GMT+0700 (GMT+07:00), Алексiй: $clear 3
Tue Dec 01 2020 23:30:30 GMT+0700 (GMT+07:00), Furret: Удалено 3 сообщений! :wastebasket:
Tue Dec 01 2020 23:30:38 GMT+0700 (GMT+07:00), Алексiй: $clear 3
Tue Dec 01 2020 23:30:39 GMT+0700 (GMT+07:00), Furret: Удалено 3 сообщений! :wastebasket:
Tue Dec 01 2020 23:30:46 GMT+0700 (GMT+07:00), Алексiй: #help nsfw
Tue Dec 01 2020 23:30:46 GMT+0700 (GMT+07:00), DoggoBot: 
Tue Dec 01 2020 23:31:31 GMT+0700 (GMT+07:00), Алексiй: $clear к хуям
Tue Dec 01 2020 23:31:31 GMT+0700 (GMT+07:00), Furret: Это не число!
Tue Dec 01 2020 23:46:11 GMT+0700 (GMT+07:00), Agon: у моей девушки день рождение
Tue Dec 01 2020 23:47:01 GMT+0700 (GMT+07:00), Алексiй: https://www.youtube.com/watch?v=ObJjLzM5VjA
Tue Dec 01 2020 23:47:20 GMT+0700 (GMT+07:00), Алексiй: https://www.youtube.com/watch?v=V6WDvZrJbic
Tue Dec 01 2020 23:50:19 GMT+0700 (GMT+07:00), Agon: охуеть спасибо
Tue Dec 01 2020 23:59:00 GMT+0700 (GMT+07:00), Hydra: 
Thu Dec 03 2020 12:30:04 GMT+0700 (GMT+07:00), Pepper: крч
Thu Dec 03 2020 12:30:13 GMT+0700 (GMT+07:00), Pepper: это очень просто описать 1 слово
Thu Dec 03 2020 12:30:15 GMT+0700 (GMT+07:00), Pepper: м
Thu Dec 03 2020 12:30:18 GMT+0700 (GMT+07:00), Pepper: кло
Thu Dec 03 2020 12:30:19 GMT+0700 (GMT+07:00), Pepper: у
Thu Dec 03 2020 12:30:20 GMT+0700 (GMT+07:00), Pepper: на
Thu Dec 03 2020 12:30:21 GMT+0700 (GMT+07:00), Pepper: да
Thu Dec 03 2020 12:30:24 GMT+0700 (GMT+07:00), fersafersa: нам сначало всем надо ХОТЯБЫ до незеритки развится! ведь мы бомжи!
Thu Dec 03 2020 12:30:36 GMT+0700 (GMT+07:00), Pepper: а мы нет)
Thu Dec 03 2020 12:30:38 GMT+0700 (GMT+07:00), fersafersa: ну точнее я не бомж я довольно богат а вот вы бомжи
Thu Dec 03 2020 12:30:43 GMT+0700 (GMT+07:00), Pepper: у нас топерки
Thu Dec 03 2020 12:30:45 GMT+0700 (GMT+07:00), fesrer: https://tenor.com/view/yes-agree-yup-nod-gif-14017499
Thu Dec 03 2020 12:30:49 GMT+0700 (GMT+07:00), fersafersa: у меня тоже)
Thu Dec 03 2020 12:30:57 GMT+0700 (GMT+07:00), fersafersa: у ордена прокачка...
Thu Dec 03 2020 12:30:57 GMT+0700 (GMT+07:00), Pepper: ты що ахринел
Thu Dec 03 2020 12:31:11 GMT+0700 (GMT+07:00), Pepper: по моему орден самый слабый
Thu Dec 03 2020 12:31:11 GMT+0700 (GMT+07:00), fesrer: ну вообще мой клан, клан бомжжей
Thu Dec 03 2020 12:31:22 GMT+0700 (GMT+07:00), Pepper: даже у анкома побохаче
Thu Dec 03 2020 12:31:31 GMT+0700 (GMT+07:00), fersafersa: ворст богаче анокма кста)
Thu Dec 03 2020 12:31:32 GMT+0700 (GMT+07:00), Pepper: кста ферсер
Thu Dec 03 2020 12:31:38 GMT+0700 (GMT+07:00), fesrer: я не бомж, сокланевце бомжы
Thu Dec 03 2020 12:31:44 GMT+0700 (GMT+07:00), Pepper: та на вас мне пох
Thu Dec 03 2020 12:32:11 GMT+0700 (GMT+07:00), Pepper: воооотт, а у меня все в топерках, и многие ее получили первее меня
Thu Dec 03 2020 12:32:24 GMT+0700 (GMT+07:00), fersafersa: так вот, вы не сможете большие ресурсы без дюпа добыть, а дюпы вам ниикто не даст.
Thu Dec 03 2020 12:32:40 GMT+0700 (GMT+07:00), fesrer: https://tenor.com/view/idgaf-dont-care-processing-idc-gif-14974263
Thu Dec 03 2020 12:32:48 GMT+0700 (GMT+07:00), Pepper: лично мне дюп надо токо для книг
Thu Dec 03 2020 12:32:59 GMT+0700 (GMT+07:00), fersafersa: пепер, мне только для чар яблок)
Thu Dec 03 2020 12:33:04 GMT+0700 (GMT+07:00), Pepper: ты быколнул
Thu Dec 03 2020 12:33:10 GMT+0700 (GMT+07:00), fersafersa: ну и для топок чтобы на всяк случай было
Thu Dec 03 2020 12:33:11 GMT+0700 (GMT+07:00), Pepper: а ну эт тоже
Thu Dec 03 2020 12:33:27 GMT+0700 (GMT+07:00), fersafersa: киты делать и продавать можно
Thu Dec 03 2020 12:33:29 GMT+0700 (GMT+07:00), fesrer: дюп для эндер честов
Thu Dec 03 2020 12:33:45 GMT+0700 (GMT+07:00), Pepper: дядя, куда обсы стока
Thu Dec 03 2020 12:33:57 GMT+0700 (GMT+07:00), fersafersa: фесрер. Зачем? глобальные проекты: для баз, спавн постепенно разрушается и все все все не имеет смысла.
Thu Dec 03 2020 12:34:08 GMT+0700 (GMT+07:00), Pepper: +++
Thu Dec 03 2020 12:34:09 GMT+0700 (GMT+07:00), fersafersa: а для баз столько эч не нужно
Thu Dec 03 2020 12:34:18 GMT+0700 (GMT+07:00), fesrer: кхм, кхм< для нашего знака на небе
Thu Dec 03 2020 12:34:22 GMT+0700 (GMT+07:00), fersafersa: лучше самому развиватся и стать королем, чем делать спавн.
Thu Dec 03 2020 12:34:26 GMT+0700 (GMT+07:00), Pepper: а это выпиндьрож
Thu Dec 03 2020 12:34:40 GMT+0700 (GMT+07:00), Pepper: да он обоссан в тот же день будит
Thu Dec 03 2020 12:34:47 GMT+0700 (GMT+07:00), fersafersa: бесполезно все это, максиум в вк могут написаь молодцы, и все.
Thu Dec 03 2020 12:35:05 GMT+0700 (GMT+07:00), Pepper: мудамудамудамудамуда
Thu Dec 03 2020 12:35:07 GMT+0700 (GMT+07:00), fesrer: читыре знака на 256 блоке?
Thu Dec 03 2020 12:35:10 GMT+0700 (GMT+07:00), fesrer: не думаю
Thu Dec 03 2020 12:35:18 GMT+0700 (GMT+07:00), Pepper: да
Thu Dec 03 2020 12:35:28 GMT+0700 (GMT+07:00), fesrer: всем лень будет
Thu Dec 03 2020 12:35:43 GMT+0700 (GMT+07:00), fersafersa: нужно строить маштабные базы, добывать ресурсы, да базы на миллионных никто не разрушит, а на спавне ДА ХОТЬ КИРКОЙ быстренько нейро пройдется!!!
Thu Dec 03 2020 12:35:45 GMT+0700 (GMT+07:00), Pepper: не надо обнадеживатся
Thu Dec 03 2020 12:35:58 GMT+0700 (GMT+07:00), fesrer: там визеров не заспавнишь, нихера не сделаешь, если только вручную
Thu Dec 03 2020 12:36:13 GMT+0700 (GMT+07:00), fersafersa: можно на 2 блока ниже заспавнить, или снизу онибудут вверх долбить
Thu Dec 03 2020 12:36:22 GMT+0700 (GMT+07:00), Pepper: https://tenor.com/view/whatever-you-say-so-dont-care-idc-eye-roll-gif-14580685
Thu Dec 03 2020 12:36:23 GMT+0700 (GMT+07:00), fersafersa: или они взорвутся рядом
Thu Dec 03 2020 12:36:26 GMT+0700 (GMT+07:00), fesrer: они упадут
Thu Dec 03 2020 12:36:29 GMT+0700 (GMT+07:00), fersafersa: -
Thu Dec 03 2020 12:36:30 GMT+0700 (GMT+07:00), fesrer: алё
Thu Dec 03 2020 12:36:47 GMT+0700 (GMT+07:00), fesrer: ну тоесть медленно будут спускатся
Thu Dec 03 2020 12:36:47 GMT+0700 (GMT+07:00), fersafersa: так упадут, а снизу они будут в вас вверх пулять и попадать по знаку
Thu Dec 03 2020 12:37:04 GMT+0700 (GMT+07:00), fesrer: https://tenor.com/view/no-nooo-nope-eat-fingerwag-gif-4880183
Thu Dec 03 2020 12:37:08 GMT+0700 (GMT+07:00), Pepper: та все, голосуем против такой дичи
Thu Dec 03 2020 12:37:09 GMT+0700 (GMT+07:00), fesrer: не будут
Thu Dec 03 2020 12:37:15 GMT+0700 (GMT+07:00), Pepper: кто против + в чат
Thu Dec 03 2020 12:37:18 GMT+0700 (GMT+07:00), Pepper: +++
Thu Dec 03 2020 12:37:20 GMT+0700 (GMT+07:00), fesrer: вы дэбилы?
Thu Dec 03 2020 12:38:03 GMT+0700 (GMT+07:00), Pepper: нет, я не хочу сливать ресы на топерку для знака который тогда же разрушат
Thu Dec 03 2020 12:38:03 GMT+0700 (GMT+07:00), fesrer: я сам в криативе проверял, если строить на 256 блоке, визер нихера нихера не сможет
Thu Dec 03 2020 12:38:09 GMT+0700 (GMT+07:00), Pepper: .
Thu Dec 03 2020 12:38:10 GMT+0700 (GMT+07:00), Pepper: .
Thu Dec 03 2020 12:38:11 GMT+0700 (GMT+07:00), Pepper: .
Thu Dec 03 2020 12:38:15 GMT+0700 (GMT+07:00), fersafersa: на Анархии я натренировался, можно снаряд визера пустить хорошенько и неважно, снизу, сверху, сбоку да хоть с конца мира когданибудь да случайно визер  попадет, а если ты будешь еще возле базы ходить чтобы визер больше в базу попадал (в случае этом знак) то можно быстро разрушить, да просто в конце концов поставить 10 человек они за пол часа уничтожить.
Thu Dec 03 2020 12:38:19 GMT+0700 (GMT+07:00), Pepper: https://tenor.com/view/fml-sylvester-cat-annoyed-head-bang-gif-13045781
Thu Dec 03 2020 12:38:37 GMT+0700 (GMT+07:00), fersafersa: Визера спавним внизу, он стреляет вверх!
Thu Dec 03 2020 12:39:16 GMT+0700 (GMT+07:00), fesrer: gjikb d djqc
Thu Dec 03 2020 12:39:23 GMT+0700 (GMT+07:00), fesrer: пошли войс поясню
Thu Dec 03 2020 12:39:36 GMT+0700 (GMT+07:00), fersafersa: визера главное заспавнить, куда он будет стрелять
Thu Dec 03 2020 12:39:43 GMT+0700 (GMT+07:00), fersafersa: это уже ты можешь сам решить
Thu Dec 03 2020 12:40:01 GMT+0700 (GMT+07:00), fersafersa: бля ща наушники возьму
Thu Dec 03 2020 12:41:27 GMT+0700 (GMT+07:00), fersafersa: не первыми, пока мы это сделаем хотябы добудем ресурсы уже много кто построит
Thu Dec 03 2020 12:42:05 GMT+0700 (GMT+07:00), fesrer: 
Thu Dec 03 2020 12:42:06 GMT+0700 (GMT+07:00), fersafersa: лучше добывать ресурсы, разиваться, строить базы крутые
Thu Dec 03 2020 12:42:12 GMT+0700 (GMT+07:00), fersafersa: и че
Thu Dec 03 2020 12:42:45 GMT+0700 (GMT+07:00), fersafersa: и че, они дюпали ресы
Thu Dec 03 2020 12:42:48 GMT+0700 (GMT+07:00), fersafersa: у нас дюпа нету
Thu Dec 03 2020 12:42:51 GMT+0700 (GMT+07:00), fersafersa: и нам никто не даст
Thu Dec 03 2020 12:42:54 GMT+0700 (GMT+07:00), fersafersa: там сотни людей
Thu Dec 03 2020 12:44:12 GMT+0700 (GMT+07:00), fersafersa: фесрер ну ты понимаешь его лень не только строить
Thu Dec 03 2020 12:44:17 GMT+0700 (GMT+07:00), fersafersa: егоЛЕНЬ СТРОИТЬ
Thu Dec 03 2020 12:44:19 GMT+0700 (GMT+07:00), fersafersa: фесрер
Thu Dec 03 2020 12:44:22 GMT+0700 (GMT+07:00), fersafersa: ты понимаешь
Thu Dec 03 2020 12:44:27 GMT+0700 (GMT+07:00), fersafersa: никто не даст нам дюп
Thu Dec 03 2020 12:44:31 GMT+0700 (GMT+07:00), fersafersa: ну ЭТО СЕКРЕТЫ
Thu Dec 03 2020 12:45:07 GMT+0700 (GMT+07:00), fersafersa: фесрер
Thu Dec 03 2020 12:45:24 GMT+0700 (GMT+07:00), fersafersa: дюп если расскажут то нам в последнюю очередь, да и фиксят же много!
Thu Dec 03 2020 12:46:59 GMT+0700 (GMT+07:00), fesrer: https://tenor.com/view/so-what-big-deal-idc-dont-care-sassy-gif-5388990
Thu Dec 03 2020 12:47:22 GMT+0700 (GMT+07:00), Pepper: вообще
Thu Dec 03 2020 12:47:26 GMT+0700 (GMT+07:00), Pepper: я гуглил
Thu Dec 03 2020 12:47:41 GMT+0700 (GMT+07:00), Pepper: на ядре пепер(ага) дюпов нет
Thu Dec 03 2020 12:48:27 GMT+0700 (GMT+07:00), fersafersa: на строительство знаков этих было столько обсы что дюпать там надо неделю, а строить так ваще ОЧЕНЬ долго!!!
Thu Dec 03 2020 12:49:14 GMT+0700 (GMT+07:00), Pepper: плюс если дюп разовый(тоесть, как с пиглином, 1 раз дюпнул, и ищи нового) то это вообще в падлу будит
Thu Dec 03 2020 12:49:32 GMT+0700 (GMT+07:00), fersafersa: +
Thu Dec 03 2020 12:49:36 GMT+0700 (GMT+07:00), fersafersa: или как с ослом
Thu Dec 03 2020 12:50:00 GMT+0700 (GMT+07:00), fersafersa: ну ваще с пиглином было круто мы с другом на одиночке СТОЛЬКО дюпали что ваще и это быстро.
Thu Dec 03 2020 12:50:19 GMT+0700 (GMT+07:00), fersafersa: причем на него даже разработчики обратили внимание ну настолько большач ошибка
Thu Dec 03 2020 12:50:41 GMT+0700 (GMT+07:00), fersafersa: а если появится дюп получше то ваще его впп мгновенно пофиксит если он комунибудь попадет.
Thu Dec 03 2020 12:56:16 GMT+0700 (GMT+07:00), fersafersa: вообщето если появится дюп и ресурсы я не против построить чтонибудь маштабное
Thu Dec 03 2020 12:56:47 GMT+0700 (GMT+07:00), fersafersa: и кстати фесрер найди пж в интернете такую тнт машину которая когда дюпает тнт и стреляет ими то стоит на месте а не движется
Thu Dec 03 2020 12:58:08 GMT+0700 (GMT+07:00), Pepper: зачем
Thu Dec 03 2020 12:58:48 GMT+0700 (GMT+07:00), fersafersa: хочу разбомбить полностью прям ни одного блока несколько чанков(хотябы 2) чтобы просто большая воронка до бедрока
Thu Dec 03 2020 12:59:05 GMT+0700 (GMT+07:00), Pepper: на спавне?
Thu Dec 03 2020 12:59:13 GMT+0700 (GMT+07:00), Pepper: там и так под землей пещера
Thu Dec 03 2020 12:59:13 GMT+0700 (GMT+07:00), fersafersa: ну почти
Thu Dec 03 2020 12:59:18 GMT+0700 (GMT+07:00), fersafersa: не
Thu Dec 03 2020 12:59:20 GMT+0700 (GMT+07:00), fersafersa: не на нуле же
Thu Dec 03 2020 12:59:26 GMT+0700 (GMT+07:00), fersafersa: на примерно за 300
Thu Dec 03 2020 12:59:35 GMT+0700 (GMT+07:00), fersafersa: или за 400 где место получше будет
Thu Dec 03 2020 13:00:11 GMT+0700 (GMT+07:00), Pepper: ферса
Thu Dec 03 2020 13:00:16 GMT+0700 (GMT+07:00), fersafersa: а
Thu Dec 03 2020 13:00:22 GMT+0700 (GMT+07:00), Pepper: а у вас килы нафармленные?
Thu Dec 03 2020 13:00:26 GMT+0700 (GMT+07:00), fersafersa: +
Thu Dec 03 2020 13:00:27 GMT+0700 (GMT+07:00), Pepper: просто интересно
Thu Dec 03 2020 13:00:34 GMT+0700 (GMT+07:00), fersafersa: да
Thu Dec 03 2020 13:00:52 GMT+0700 (GMT+07:00), fersafersa: а как еще, убивая новичков на спавне ничего толком не добьешься, в топ точно не дойдешь.
Thu Dec 03 2020 13:00:58 GMT+0700 (GMT+07:00), fersafersa: их мало
Thu Dec 03 2020 13:01:06 GMT+0700 (GMT+07:00), fersafersa: да и спавнсятся рандомно
Thu Dec 03 2020 13:01:07 GMT+0700 (GMT+07:00), Pepper: у нас просто илюха за 2 часа 2к килов набил
Thu Dec 03 2020 13:01:15 GMT+0700 (GMT+07:00), fersafersa: фарм
Thu Dec 03 2020 13:01:16 GMT+0700 (GMT+07:00), fersafersa: 100%
Thu Dec 03 2020 13:01:26 GMT+0700 (GMT+07:00), Pepper: да
Thu Dec 03 2020 13:01:47 GMT+0700 (GMT+07:00), fersafersa: ну конечно небыстро он у вас, и меч маленький ведь мы намного быстрее фармили.
Thu Dec 03 2020 13:06:24 GMT+0700 (GMT+07:00), fesrer: ог
Thu Dec 03 2020 13:06:44 GMT+0700 (GMT+07:00), fesrer: https://www.youtube.com/watch?v=nboo2-bmvbY&list=WL&index=13&t=765s
Thu Dec 03 2020 13:06:52 GMT+0700 (GMT+07:00), fesrer: всё в видео рабочее
Thu Dec 03 2020 13:07:56 GMT+0700 (GMT+07:00), fersafersa: ок
Thu Dec 03 2020 13:08:36 GMT+0700 (GMT+07:00), Pepper: 9шшшшшшшшшшшшшшшшшшшшш=-х
Thu Dec 03 2020 13:08:40 GMT+0700 (GMT+07:00), Pepper: блин
Thu Dec 03 2020 13:08:42 GMT+0700 (GMT+07:00), Pepper: сори
Thu Dec 03 2020 13:08:46 GMT+0700 (GMT+07:00), Pepper: это кошка
Thu Dec 03 2020 13:09:44 GMT+0700 (GMT+07:00), fesrer: ?
Thu Dec 03 2020 13:09:47 GMT+0700 (GMT+07:00), fesrer: ог
Thu Dec 03 2020 13:10:03 GMT+0700 (GMT+07:00), Pepper: это не я писал
Thu Dec 03 2020 13:10:16 GMT+0700 (GMT+07:00), fesrer: класс
Thu Dec 03 2020 13:10:21 GMT+0700 (GMT+07:00), fesrer: ловашвырошщавпоивряндшпаи\ыа
Thu Dec 03 2020 13:10:29 GMT+0700 (GMT+07:00), fesrer: это мои руки писали
Thu Dec 03 2020 13:10:32 GMT+0700 (GMT+07:00), Pepper: сачввввв8часм \\\\\\\
Thu Dec 03 2020 13:10:37 GMT+0700 (GMT+07:00), fesrer: пмаррррррррррррррррррр
Thu Dec 03 2020 13:10:37 GMT+0700 (GMT+07:00), Pepper: это опять она
Thu Dec 03 2020 13:10:43 GMT+0700 (GMT+07:00), Pepper: вапще офигела
Thu Dec 03 2020 13:10:47 GMT+0700 (GMT+07:00), fesrer: а сейчас голову на клаву положил
Thu Dec 03 2020 13:10:49 GMT+0700 (GMT+07:00), fersafersa: у меня кошка помню экран полностью перевернула, в том числе и работу мышки) я кое как исправил с таким управлением)
Thu Dec 03 2020 13:10:51 GMT+0700 (GMT+07:00), Pepper: я серьезно
Thu Dec 03 2020 13:11:28 GMT+0700 (GMT+07:00), fesrer: пошёлнахуйпидорибанный
Thu Dec 03 2020 13:11:33 GMT+0700 (GMT+07:00), fesrer: это моя собака
Thu Dec 03 2020 13:11:42 GMT+0700 (GMT+07:00), Pepper: да ты задолбал
Thu Dec 03 2020 13:11:46 GMT+0700 (GMT+07:00), Pepper: удали мат
Thu Dec 03 2020 13:11:50 GMT+0700 (GMT+07:00), fesrer: кнш
Thu Dec 03 2020 13:12:18 GMT+0700 (GMT+07:00), fesrer: ну вот и идите в пизду
Thu Dec 03 2020 13:12:41 GMT+0700 (GMT+07:00), fersafersa: все ничего не было. Обращайтесь к ферсе-уборщику)))
Thu Dec 03 2020 13:12:51 GMT+0700 (GMT+07:00), fesrer: стонкс
Thu Dec 03 2020 13:13:06 GMT+0700 (GMT+07:00), fesrer: крч
Thu Dec 03 2020 13:13:10 GMT+0700 (GMT+07:00), fesrer: пацаны
Thu Dec 03 2020 13:13:15 GMT+0700 (GMT+07:00), fersafersa: а?
Thu Dec 03 2020 13:13:18 GMT+0700 (GMT+07:00), Agon: Сервер переезжает на новый хостинг, все привилегии, кредиты и опыт остались        з- \х-з09щджхэ
Ъ0з9щ8шлгоьбдзжх-097ш6ени6534245632ц42342ё1цй3ув1ёФячыЦВУ3421ЙЫфясывампкеуцыйфяффяЧСМИПРТОЬЛБДЮЖ.Э
э,жюДЗБЩЛШОГРНМИАПСЕАКВУЫ3456\
Thu Dec 03 2020 13:13:18 GMT+0700 (GMT+07:00), fersafersa: )
Thu Dec 03 2020 13:13:20 GMT+0700 (GMT+07:00), Agon: ,ЮБЬЛОТРИ
Thu Dec 03 2020 13:13:22 GMT+0700 (GMT+07:00), fesrer: а блин
Thu Dec 03 2020 13:13:26 GMT+0700 (GMT+07:00), fesrer: ну ок
Thu Dec 03 2020 13:13:31 GMT+0700 (GMT+07:00), fersafersa: да ладно не читаю
Thu Dec 03 2020 13:13:35 GMT+0700 (GMT+07:00), fesrer: ог
Thu Dec 03 2020 13:13:53 GMT+0700 (GMT+07:00), fesrer: замышляем переворот, революцию!!!!
Thu Dec 03 2020 13:14:19 GMT+0700 (GMT+07:00), fesrer: збс
Thu Dec 03 2020 13:14:20 GMT+0700 (GMT+07:00), fesrer: кста
Thu Dec 03 2020 13:14:26 GMT+0700 (GMT+07:00), fesrer: ферса
Thu Dec 03 2020 13:15:36 GMT+0700 (GMT+07:00), fesrer: ладна
Thu Dec 03 2020 13:15:45 GMT+0700 (GMT+07:00), fesrer: переворота непудет
Thu Dec 03 2020 13:16:12 GMT+0700 (GMT+07:00), fersafersa: гы
Thu Dec 03 2020 13:16:24 GMT+0700 (GMT+07:00), fersafersa: гы
Thu Dec 03 2020 13:16:51 GMT+0700 (GMT+07:00), fesrer: кста, у тя нинтендо сыч?
Thu Dec 03 2020 13:18:11 GMT+0700 (GMT+07:00), fersafersa: кстати
Thu Dec 03 2020 13:18:18 GMT+0700 (GMT+07:00), fersafersa: фесрер
Thu Dec 03 2020 13:18:21 GMT+0700 (GMT+07:00), fesrer: шо
Thu Dec 03 2020 13:18:23 GMT+0700 (GMT+07:00), fesrer: надо
Thu Dec 03 2020 13:18:41 GMT+0700 (GMT+07:00), fersafersa: Нвхия ты эта читаишь я орден не читаю а ты не читай ворст пшел отсюда
Thu Dec 03 2020 13:18:46 GMT+0700 (GMT+07:00), fersafersa: https://tenor.com/view/outraged-mad-annoyed-man-conan-o-brien-gif-12767659
Thu Dec 03 2020 13:19:08 GMT+0700 (GMT+07:00), fesrer: https://tenor.com/view/toddlers-and-tiaras-reality-smile-creepy-evil-gif-3413283
Thu Dec 03 2020 13:19:16 GMT+0700 (GMT+07:00), Pepper: сссссссссссссыыыыыыыыычч
Thu Dec 03 2020 13:19:30 GMT+0700 (GMT+07:00), fesrer: https://tenor.com/view/whatever-you-say-so-dont-care-idc-eye-roll-gif-14580685
Thu Dec 03 2020 13:19:36 GMT+0700 (GMT+07:00), fersafersa: а вот так?
Thu Dec 03 2020 13:19:41 GMT+0700 (GMT+07:00), fersafersa: можешь ченибудь отправить
Thu Dec 03 2020 13:19:53 GMT+0700 (GMT+07:00), fesrer: да сыч, а ты не знаешь сыч?
Thu Dec 03 2020 13:19:56 GMT+0700 (GMT+07:00), fersafersa: отправь ченибудь сюда
Thu Dec 03 2020 13:20:09 GMT+0700 (GMT+07:00), fersafersa: фесрер скажи ченибудь сюда
Thu Dec 03 2020 13:20:10 GMT+0700 (GMT+07:00), Pepper: https://www.youtube.com/watch?v=AQx_KMoCgJU
Thu Dec 03 2020 13:20:13 GMT+0700 (GMT+07:00), fesrer: https://tenor.com/view/dancing-dance-twerk-street-highway-gif-5840882
Thu Dec 03 2020 13:20:15 GMT+0700 (GMT+07:00), Pepper: знаю
Thu Dec 03 2020 13:20:34 GMT+0700 (GMT+07:00), Pepper: кто сделает это в майнкрафте продам топерку
Thu Dec 03 2020 13:21:26 GMT+0700 (GMT+07:00), fersafersa: https://tenor.com/view/scrooge-get-out-slam-door-donald-gif-12761017
Thu Dec 03 2020 13:21:38 GMT+0700 (GMT+07:00), fesrer: https://youtu.be/IGCbLdmz4K0
Thu Dec 03 2020 13:22:16 GMT+0700 (GMT+07:00), Pepper: пакупайу
Thu Dec 03 2020 13:22:18 GMT+0700 (GMT+07:00), Pepper: кста
Thu Dec 03 2020 13:22:20 GMT+0700 (GMT+07:00), fesrer: https://tenor.com/view/yes-agree-yup-nod-gif-14017499
Thu Dec 03 2020 13:22:27 GMT+0700 (GMT+07:00), Pepper: это видео сундука?
Thu Dec 03 2020 13:22:31 GMT+0700 (GMT+07:00), fesrer: да
Thu Dec 03 2020 13:22:36 GMT+0700 (GMT+07:00), fesrer: фулл скинуть?
Thu Dec 03 2020 13:23:02 GMT+0700 (GMT+07:00), lazyflower: Я вашу мать
Thu Dec 03 2020 13:23:13 GMT+0700 (GMT+07:00), fesrer: мать в канаве
Thu Dec 03 2020 13:23:16 GMT+0700 (GMT+07:00), fersafersa: https://tenor.com/view/pereigray-gif-18014495
Thu Dec 03 2020 13:23:32 GMT+0700 (GMT+07:00), fesrer: https://tenor.com/view/pereigray-gif-18014495
Thu Dec 03 2020 13:23:36 GMT+0700 (GMT+07:00), Pepper: та не
Thu Dec 03 2020 13:23:42 GMT+0700 (GMT+07:00), fersafersa: https://tenor.com/view/kick-shoe-gif-11589510
Thu Dec 03 2020 13:23:55 GMT+0700 (GMT+07:00), fesrer: https://tenor.com/view/blank-stare-really-i-dont-believe-you-side-eye-looking-gif-6151149
Thu Dec 03 2020 13:26:08 GMT+0700 (GMT+07:00), fesrer: https://tenor.com/view/pereigray-gif-18014495
Thu Dec 03 2020 13:26:22 GMT+0700 (GMT+07:00), fesrer: https://tenor.com/view/pereigray-gif-18014495
Thu Dec 03 2020 13:26:24 GMT+0700 (GMT+07:00), fesrer: https://tenor.com/view/pereigray-gif-18014495
Thu Dec 03 2020 13:26:25 GMT+0700 (GMT+07:00), fesrer: https://tenor.com/view/pereigray-gif-18014495
Thu Dec 03 2020 13:26:26 GMT+0700 (GMT+07:00), fesrer: https://tenor.com/view/pereigray-gif-18014495
Thu Dec 03 2020 13:26:27 GMT+0700 (GMT+07:00), fesrer: https://tenor.com/view/pereigray-gif-18014495\
Thu Dec 03 2020 13:26:33 GMT+0700 (GMT+07:00), fesrer: https://tenor.com/view/pereigray-gif-18014495
Thu Dec 03 2020 13:26:33 GMT+0700 (GMT+07:00), fersafersa: https://tenor.com/view/khriusha-stepashka-good-night-little-ones-sleepy-tired-gif-12687264
Thu Dec 03 2020 13:26:44 GMT+0700 (GMT+07:00), fesrer: понимаю
Thu Dec 03 2020 13:27:15 GMT+0700 (GMT+07:00), Pepper: https://www.youtube.com/watch?v=8NJCO9uzG8c
Thu Dec 03 2020 13:27:16 GMT+0700 (GMT+07:00), Pepper: аххахахахахахах
Thu Dec 03 2020 13:27:18 GMT+0700 (GMT+07:00), Pepper: прошу
Thu Dec 03 2020 13:27:28 GMT+0700 (GMT+07:00), Pepper: посмотрите даже если не любите жожо
Thu Dec 03 2020 13:27:37 GMT+0700 (GMT+07:00), fesrer: https://tenor.com/view/pereigray-gif-18014495
Thu Dec 03 2020 13:33:06 GMT+0700 (GMT+07:00), Pepper: кто посмотрел скажите пж
Thu Dec 03 2020 13:33:11 GMT+0700 (GMT+07:00), Pepper: ну веть смищно
Thu Dec 03 2020 13:39:38 GMT+0700 (GMT+07:00), lazyflower: Очень
Thu Dec 03 2020 13:50:10 GMT+0700 (GMT+07:00), Pepper: АЙЙАЙАЙАЙАААЙЙ ТУТТУТУУУУУУУУУУУУУУТУТУТУТУТУТУТУУУУУУУУУУУУУУУУУУТУТУТУТУТТУУУУУУУУУ
Thu Dec 03 2020 13:51:03 GMT+0700 (GMT+07:00), Pepper: /TTS туц тутутуц туц тутутуц тутутуц ТУТУТУТУТУТУЦ
Thu Dec 03 2020 13:51:16 GMT+0700 (GMT+07:00), Pepper: туц тутутуц туц тутутуц тутутуц ТУТУТУТУТУТУЦ
Thu Dec 03 2020 13:52:05 GMT+0700 (GMT+07:00), Pepper: тууцтуц тутутутутутуцтуц тутутутутутутутуц
Thu Dec 03 2020 13:52:07 GMT+0700 (GMT+07:00), fesrer: войс всем быстра!!!!!
Thu Dec 03 2020 13:52:35 GMT+0700 (GMT+07:00), fersafersa: зас
Thu Dec 03 2020 13:55:31 GMT+0700 (GMT+07:00), fersafersa: ну f вам)
Thu Dec 03 2020 13:57:45 GMT+0700 (GMT+07:00), fersafersa: говнюк
Thu Dec 03 2020 13:57:54 GMT+0700 (GMT+07:00), fesrer: кто?
Thu Dec 03 2020 13:57:59 GMT+0700 (GMT+07:00), fersafersa: трузми
Thu Dec 03 2020 13:58:09 GMT+0700 (GMT+07:00), fersafersa: или туризми
Thu Dec 03 2020 13:58:13 GMT+0700 (GMT+07:00), Pepper: это просто судьба
Thu Dec 03 2020 13:58:18 GMT+0700 (GMT+07:00), Pepper: кста
Thu Dec 03 2020 13:58:23 GMT+0700 (GMT+07:00), Pepper: он трузмисек
Thu Dec 03 2020 13:58:51 GMT+0700 (GMT+07:00), fersafersa: пепер, а вы хотели ему доверять
Thu Dec 03 2020 13:59:04 GMT+0700 (GMT+07:00), fersafersa: ты точнее)
Thu Dec 03 2020 13:59:13 GMT+0700 (GMT+07:00), Pepper: ля
Thu Dec 03 2020 13:59:20 GMT+0700 (GMT+07:00), Pepper: вообще вам не фортануло
Thu Dec 03 2020 13:59:27 GMT+0700 (GMT+07:00), Pepper: у меня в той же стороне база
Thu Dec 03 2020 13:59:33 GMT+0700 (GMT+07:00), Pepper: он ко мне за книгами полетел
Thu Dec 03 2020 13:59:44 GMT+0700 (GMT+07:00), Pepper: а вот вы вот так вот
Thu Dec 03 2020 14:00:02 GMT+0700 (GMT+07:00), fersafersa: х
Thu Dec 03 2020 14:02:29 GMT+0700 (GMT+07:00), fersafersa: фесрер выложи в дс нашу стену V2V
Thu Dec 03 2020 14:06:06 GMT+0700 (GMT+07:00), fersafersa: фесрер выложи сюда скрин нулевых координат спавна незера мне надо
Thu Dec 03 2020 14:10:20 GMT+0700 (GMT+07:00), fersafersa: я его переместил)
Thu Dec 03 2020 14:10:50 GMT+0700 (GMT+07:00), fersafersa: ч его могу переместить хоть в ворс
Thu Dec 03 2020 14:11:06 GMT+0700 (GMT+07:00), fesrer: алё артём
Thu Dec 03 2020 14:11:09 GMT+0700 (GMT+07:00), Алексiй: Куда логи кидать?
Thu Dec 03 2020 14:11:10 GMT+0700 (GMT+07:00), fesrer: задрал
Thu Dec 03 2020 14:11:12 GMT+0700 (GMT+07:00), Алексiй: 🙂
Thu Dec 03 2020 14:11:12 GMT+0700 (GMT+07:00), fesrer: говори
Thu Dec 03 2020 14:12:44 GMT+0700 (GMT+07:00), Алексiй: 
Thu Dec 03 2020 14:12:56 GMT+0700 (GMT+07:00), Алексiй: я оставлю это тут
Thu Dec 03 2020 14:18:20 GMT+0700 (GMT+07:00), Worst, Алексiй: кек
Thu Dec 03 2020 14:24:13 GMT+0700 (GMT+07:00), ОКА V2V, fersafersa: а где
Thu Dec 03 2020 14:24:51 GMT+0700 (GMT+07:00), ОКА V2V, fersafersa: кстати я решил прорекламировать нейро
Thu Dec 03 2020 14:25:07 GMT+0700 (GMT+07:00), ОКА V2V, fersafersa: )
Thu Dec 03 2020 14:25:10 GMT+0700 (GMT+07:00), ОКА V2V, Pepper: все
Thu Dec 03 2020 14:25:17 GMT+0700 (GMT+07:00), ОКА V2V, Pepper: баним из ока
Thu Dec 03 2020 14:25:22 GMT+0700 (GMT+07:00), ОКА V2V, Алексiй: $clear нахуй
Thu Dec 03 2020 14:25:23 GMT+0700 (GMT+07:00), ОКА V2V, Furret: Это не число!
Thu Dec 03 2020 14:25:34 GMT+0700 (GMT+07:00), ОКА V2V, fersafersa: не)
Thu Dec 03 2020 14:26:22 GMT+0700 (GMT+07:00), ОКА V2V, fersafersa: короче когда выложут в вк новость узнаете
Thu Dec 03 2020 14:26:42 GMT+0700 (GMT+07:00), ОКА V2V, Алексiй: блять а как я фортнайт запустил
Thu Dec 03 2020 14:26:50 GMT+0700 (GMT+07:00), ОКА V2V, Алексiй: я же его удолил
Thu Dec 03 2020 14:28:43 GMT+0700 (GMT+07:00), ОКА V2V, fersafersa: ты уже очень много времени написано что ты в королевской какой то битве..
Thu Dec 03 2020 14:28:54 GMT+0700 (GMT+07:00), Worst, fersafersa: фесрер сюда
Thu Dec 03 2020 14:28:56 GMT+0700 (GMT+07:00), ОКА V2V, Алексiй: я в лобби
Thu Dec 03 2020 14:28:57 GMT+0700 (GMT+07:00), ОКА V2V, fesrer: ?
Thu Dec 03 2020 14:29:11 GMT+0700 (GMT+07:00), ОКА V2V, Алексiй: я даже не в катке
Thu Dec 03 2020 14:29:13 GMT+0700 (GMT+07:00), ОКА V2V, fersafersa: в лс фесрер
Thu Dec 03 2020 14:29:19 GMT+0700 (GMT+07:00), Worst, fersafersa: короч
Thu Dec 03 2020 14:29:30 GMT+0700 (GMT+07:00), Worst, fersafersa: у меня тактика есть одна для пвп с нейро
Thu Dec 03 2020 14:29:43 GMT+0700 (GMT+07:00), Worst, fersafersa: надо заранее сломать один блок и подготовить горяч клавиши на читах
Thu Dec 03 2020 14:29:49 GMT+0700 (GMT+07:00), Worst, fersafersa: если 1 на 1
